<?xml version="1.0" encoding="utf-8"?>
<?AutomationStudio Version="4.9.2.46"?>
<Objects>
  <Object
    Path="D:\govno\URTK_sim-main\URTKtry3\Logical\Package.pkg"
    LogicalPath=""
    Type="Package.ParentUnknown"
    LastWriteTime="132547665090000000" />
  <Object
    Path="D:\govno\URTK_sim-main\URTKtry3\Logical\Global.typ"
    LogicalPath="Global.typ"
    Type="File"
    LastWriteTime="133469633337205899"
    Private="false" />
  <Object
    Path="D:\govno\URTK_sim-main\URTKtry3\Logical\Global.var"
    LogicalPath="Global.var"
    Type="File"
    LastWriteTime="133469655203107442"
    Private="false" />
  <Object
    Path="D:\govno\URTK_sim-main\URTKtry3\Logical\Libraries\Package.pkg"
    LogicalPath="Libraries"
    Type="Package"
    LastWriteTime="132547665090000000" />
  <Object
    Path="D:\govno\URTK_sim-main\URTKtry3\Logical\Libraries\operator\binary.lby"
    LogicalPath="Libraries.operator"
    Type="Library"
    LastWriteTime="132547665090000000" />
  <Object
    Path="D:\govno\URTK_sim-main\URTKtry3\Logical\Libraries\operator\operator.fun"
    LogicalPath="Libraries.operator.operator.fun"
    Type="File"
    LastWriteTime="132547665090000000"
    Private="false" />
  <Object
    Path="D:\govno\URTK_sim-main\URTKtry3\Logical\Libraries\operator\operator.typ"
    LogicalPath="Libraries.operator.operator.typ"
    Type="File"
    LastWriteTime="132547665090000000"
    Private="false" />
  <Object
    Path="D:\govno\URTK_sim-main\URTKtry3\Logical\Libraries\operator\operator.var"
    LogicalPath="Libraries.operator.operator.var"
    Type="File"
    LastWriteTime="132547665090000000"
    Private="false" />
  <Object
    Path="D:\govno\URTK_sim-main\URTKtry3\Logical\Libraries\runtime\binary.lby"
    LogicalPath="Libraries.runtime"
    Type="Library"
    LastWriteTime="132547665090000000" />
  <Object
    Path="D:\govno\URTK_sim-main\URTKtry3\Logical\Libraries\runtime\runtime.fun"
    LogicalPath="Libraries.runtime.runtime.fun"
    Type="File"
    LastWriteTime="132547665090000000"
    Private="false" />
  <Object
    Path="D:\govno\URTK_sim-main\URTKtry3\Logical\Libraries\runtime\runtime.typ"
    LogicalPath="Libraries.runtime.runtime.typ"
    Type="File"
    LastWriteTime="132547665090000000"
    Private="false" />
  <Object
    Path="D:\govno\URTK_sim-main\URTKtry3\Logical\Libraries\runtime\runtime.var"
    LogicalPath="Libraries.runtime.runtime.var"
    Type="File"
    LastWriteTime="132547665090000000"
    Private="false" />
  <Object
    Path="D:\govno\URTK_sim-main\URTKtry3\Logical\Libraries\astime\binary.lby"
    LogicalPath="Libraries.astime"
    Type="Library"
    LastWriteTime="132547665090000000" />
  <Object
    Path="D:\govno\URTK_sim-main\URTKtry3\Logical\Libraries\astime\astime.fun"
    LogicalPath="Libraries.astime.astime.fun"
    Type="File"
    LastWriteTime="132547665090000000"
    Private="false" />
  <Object
    Path="D:\govno\URTK_sim-main\URTKtry3\Logical\Libraries\astime\astime.typ"
    LogicalPath="Libraries.astime.astime.typ"
    Type="File"
    LastWriteTime="132547665090000000"
    Private="false" />
  <Object
    Path="D:\govno\URTK_sim-main\URTKtry3\Logical\Libraries\astime\astime.var"
    LogicalPath="Libraries.astime.astime.var"
    Type="File"
    LastWriteTime="132547665090000000"
    Private="false" />
  <Object
    Path="D:\govno\URTK_sim-main\URTKtry3\Logical\Libraries\AsIecCon\binary.lby"
    LogicalPath="Libraries.AsIecCon"
    Type="Library"
    LastWriteTime="132547665090000000" />
  <Object
    Path="D:\govno\URTK_sim-main\URTKtry3\Logical\Libraries\AsIecCon\AsIecCon.fun"
    LogicalPath="Libraries.AsIecCon.AsIecCon.fun"
    Type="File"
    LastWriteTime="132547665090000000"
    Private="false" />
  <Object
    Path="D:\govno\URTK_sim-main\URTKtry3\Logical\Libraries\AsIecCon\AsIecCon.typ"
    LogicalPath="Libraries.AsIecCon.AsIecCon.typ"
    Type="File"
    LastWriteTime="132547665090000000"
    Private="false" />
  <Object
    Path="D:\govno\URTK_sim-main\URTKtry3\Logical\Libraries\AsIecCon\AsIecCon.var"
    LogicalPath="Libraries.AsIecCon.AsIecCon.var"
    Type="File"
    LastWriteTime="132547665090000000"
    Private="false" />
  <Object
    Path="D:\govno\URTK_sim-main\URTKtry3\Logical\Libraries\sys_lib\binary.lby"
    LogicalPath="Libraries.sys_lib"
    Type="Library"
    LastWriteTime="132547665090000000" />
  <Object
    Path="D:\govno\URTK_sim-main\URTKtry3\Logical\Libraries\sys_lib\sys_lib.fun"
    LogicalPath="Libraries.sys_lib.sys_lib.fun"
    Type="File"
    LastWriteTime="132547665090000000"
    Private="false" />
  <Object
    Path="D:\govno\URTK_sim-main\URTKtry3\Logical\Libraries\sys_lib\sys_lib.typ"
    LogicalPath="Libraries.sys_lib.sys_lib.typ"
    Type="File"
    LastWriteTime="132547665090000000"
    Private="false" />
  <Object
    Path="D:\govno\URTK_sim-main\URTKtry3\Logical\Libraries\sys_lib\sys_lib.var"
    LogicalPath="Libraries.sys_lib.sys_lib.var"
    Type="File"
    LastWriteTime="132547665090000000"
    Private="false" />
  <Object
    Path="D:\govno\URTK_sim-main\URTKtry3\Logical\URTKFmu\Package.pkg"
    LogicalPath="URTKFmu"
    Type="Package"
    LastWriteTime="132547665090000000" />
  <Object
    Path="D:\govno\URTK_sim-main\URTKtry3\Logical\URTKFmu\URTKLib\ANSIC.lby"
    LogicalPath="URTKFmu.URTKLib"
    Type="Library"
    LastWriteTime="132547665090000000" />
  <Object
    Path="D:\govno\URTK_sim-main\URTKtry3\Logical\URTKFmu\URTKLib\Types.typ"
    LogicalPath="URTKFmu.URTKLib.Types.typ"
    Type="File"
    LastWriteTime="132547665090000000"
    Private="false" />
  <Object
    Path="D:\govno\URTK_sim-main\URTKtry3\Logical\URTKFmu\URTKLib\Constants.var"
    LogicalPath="URTKFmu.URTKLib.Constants.var"
    Type="File"
    LastWriteTime="132547665090000000"
    Private="false" />
  <Object
    Path="D:\govno\URTK_sim-main\URTKtry3\Logical\URTKFmu\URTKLib\URTKLib.fun"
    LogicalPath="URTKFmu.URTKLib.URTKLib.fun"
    Type="File"
    LastWriteTime="132547665090000000"
    Private="false" />
  <Object
    Path="D:\govno\URTK_sim-main\URTKtry3\Logical\URTKFmu\URTKLib\fmi2.cpp"
    LogicalPath="URTKFmu.URTKLib.fmi2.cpp"
    Type="File"
    LastWriteTime="132547665090000000"
    Private="false" />
  <Object
    Path="D:\govno\URTK_sim-main\URTKtry3\Logical\URTKFmu\URTKLib\fmi2Functions.h"
    LogicalPath="URTKFmu.URTKLib.fmi2Functions.h"
    Type="File"
    LastWriteTime="132547665090000000"
    Private="false" />
  <Object
    Path="D:\govno\URTK_sim-main\URTKtry3\Logical\URTKFmu\URTKLib\fmi2FunctionTypes.h"
    LogicalPath="URTKFmu.URTKLib.fmi2FunctionTypes.h"
    Type="File"
    LastWriteTime="132547665090000000"
    Private="false" />
  <Object
    Path="D:\govno\URTK_sim-main\URTKtry3\Logical\URTKFmu\URTKLib\fmi2TypesPlatform.h"
    LogicalPath="URTKFmu.URTKLib.fmi2TypesPlatform.h"
    Type="File"
    LastWriteTime="132547665090000000"
    Private="false" />
  <Object
    Path="D:\govno\URTK_sim-main\URTKtry3\Logical\URTKFmu\URTKLib\URTK\Package.pkg"
    LogicalPath="URTKFmu.URTKLib.URTK"
    Type="Package"
    LastWriteTime="132547665090000000" />
  <Object
    Path="D:\govno\URTK_sim-main\URTKtry3\Logical\URTKFmu\URTKLib\URTK\fmuTemplate.h"
    LogicalPath="URTKFmu.URTKLib.URTK.fmuTemplate.h"
    Type="File"
    LastWriteTime="132547665090000000"
    Private="false" />
  <Object
    Path="D:\govno\URTK_sim-main\URTKtry3\Logical\URTKFmu\URTKLib\URTK\URTKFmiSceneView.c"
    LogicalPath="URTKFmu.URTKLib.URTK.URTKFmiSceneView.c"
    Type="File"
    LastWriteTime="132547665090000000"
    Private="false" />
  <Object
    Path="D:\govno\URTK_sim-main\URTKtry3\Logical\URTKFmu\URTKLib\URTK\URTKImpl.c"
    LogicalPath="URTKFmu.URTKLib.URTK.URTKImpl.c"
    Type="File"
    LastWriteTime="132547665090000000"
    Private="false" />
  <Object
    Path="D:\govno\URTK_sim-main\URTKtry3\Logical\URTKFmu\URTKLib\URTK\URTK_try.c"
    LogicalPath="URTKFmu.URTKLib.URTK.URTK_try.c"
    Type="File"
    LastWriteTime="132547665090000000"
    Private="false" />
  <Object
    Path="D:\govno\URTK_sim-main\URTKtry3\Logical\URTKFmu\URTKLib\URTK\URTK_try.scn"
    LogicalPath="URTKFmu.URTKLib.URTK.URTK_try.scn"
    Type="File"
    LastWriteTime="132547665090000000"
    Private="false" />
  <Object
    Path="D:\govno\URTK_sim-main\URTKtry3\Logical\URTKFmu\URTKLib\URTK\CADdata\Package.pkg"
    LogicalPath="URTKFmu.URTKLib.URTK.CADdata"
    Type="Package"
    LastWriteTime="132547665090000000" />
  <Object
    Path="D:\govno\URTK_sim-main\URTKtry3\Logical\URTKFmu\URTKLib\URTK\CADdata\axes_Y_Color_0_0_0_255.stl"
    LogicalPath="URTKFmu.URTKLib.URTK.CADdata.axes_Y_Color_0_0_0_255.stl"
    Type="File"
    LastWriteTime="132547665090000000"
    Private="false" />
  <Object
    Path="D:\govno\URTK_sim-main\URTKtry3\Logical\URTKFmu\URTKLib\URTK\CADdata\axes_Y_Color_13_157_13_255.stl"
    LogicalPath="URTKFmu.URTKLib.URTK.CADdata.axes_Y_Color_13_157_13_255.stl"
    Type="File"
    LastWriteTime="132547665090000000"
    Private="false" />
  <Object
    Path="D:\govno\URTK_sim-main\URTKtry3\Logical\URTKFmu\URTKLib\URTK\CADdata\axes_Y_Color_178_0_0_255.stl"
    LogicalPath="URTKFmu.URTKLib.URTK.CADdata.axes_Y_Color_178_0_0_255.stl"
    Type="File"
    LastWriteTime="132547665090000000"
    Private="false" />
  <Object
    Path="D:\govno\URTK_sim-main\URTKtry3\Logical\URTKFmu\URTKLib\URTK\CADdata\axes_Y_Color_191_191_191_255.stl"
    LogicalPath="URTKFmu.URTKLib.URTK.CADdata.axes_Y_Color_191_191_191_255.stl"
    Type="File"
    LastWriteTime="132547665090000000"
    Private="false" />
  <Object
    Path="D:\govno\URTK_sim-main\URTKtry3\Logical\URTKFmu\URTKLib\URTK\CADdata\axes_Y_Color_224_223_219_255.stl"
    LogicalPath="URTKFmu.URTKLib.URTK.CADdata.axes_Y_Color_224_223_219_255.stl"
    Type="File"
    LastWriteTime="132547665090000000"
    Private="false" />
  <Object
    Path="D:\govno\URTK_sim-main\URTKtry3\Logical\URTKFmu\URTKLib\URTK\CADdata\axes_Y_Color_231_214_172_255.stl"
    LogicalPath="URTKFmu.URTKLib.URTK.CADdata.axes_Y_Color_231_214_172_255.stl"
    Type="File"
    LastWriteTime="132547665090000000"
    Private="false" />
  <Object
    Path="D:\govno\URTK_sim-main\URTKtry3\Logical\URTKFmu\URTKLib\URTK\CADdata\axes_Z_Color_0_0_0_255.stl"
    LogicalPath="URTKFmu.URTKLib.URTK.CADdata.axes_Z_Color_0_0_0_255.stl"
    Type="File"
    LastWriteTime="132547665090000000"
    Private="false" />
  <Object
    Path="D:\govno\URTK_sim-main\URTKtry3\Logical\URTKFmu\URTKLib\URTK\CADdata\axes_Z_Color_13_157_13_255.stl"
    LogicalPath="URTKFmu.URTKLib.URTK.CADdata.axes_Z_Color_13_157_13_255.stl"
    Type="File"
    LastWriteTime="132547665090000000"
    Private="false" />
  <Object
    Path="D:\govno\URTK_sim-main\URTKtry3\Logical\URTKFmu\URTKLib\URTK\CADdata\axes_Z_Color_178_0_0_255.stl"
    LogicalPath="URTKFmu.URTKLib.URTK.CADdata.axes_Z_Color_178_0_0_255.stl"
    Type="File"
    LastWriteTime="132547665090000000"
    Private="false" />
  <Object
    Path="D:\govno\URTK_sim-main\URTKtry3\Logical\URTKFmu\URTKLib\URTK\CADdata\axes_Z_Color_191_191_191_255.stl"
    LogicalPath="URTKFmu.URTKLib.URTK.CADdata.axes_Z_Color_191_191_191_255.stl"
    Type="File"
    LastWriteTime="132547665090000000"
    Private="false" />
  <Object
    Path="D:\govno\URTK_sim-main\URTKtry3\Logical\URTKFmu\URTKLib\URTK\CADdata\axes_Z_Color_224_223_219_255.stl"
    LogicalPath="URTKFmu.URTKLib.URTK.CADdata.axes_Z_Color_224_223_219_255.stl"
    Type="File"
    LastWriteTime="132547665090000000"
    Private="false" />
  <Object
    Path="D:\govno\URTK_sim-main\URTKtry3\Logical\URTKFmu\URTKLib\URTK\CADdata\axes_Z_Color_231_214_172_255.stl"
    LogicalPath="URTKFmu.URTKLib.URTK.CADdata.axes_Z_Color_231_214_172_255.stl"
    Type="File"
    LastWriteTime="132547665090000000"
    Private="false" />
  <Object
    Path="D:\govno\URTK_sim-main\URTKtry3\Logical\URTKFmu\URTKLib\URTK\CADdata\Ground_(axes_X)_Color_0_0_0_255.stl"
    LogicalPath="URTKFmu.URTKLib.URTK.CADdata.Ground_(axes_X)_Color_0_0_0_255.stl"
    Type="File"
    LastWriteTime="132547665090000000"
    Private="false" />
  <Object
    Path="D:\govno\URTK_sim-main\URTKtry3\Logical\URTKFmu\URTKLib\URTK\CADdata\Ground_(axes_X)_Color_13_157_13_255.stl"
    LogicalPath="URTKFmu.URTKLib.URTK.CADdata.Ground_(axes_X)_Color_13_157_13_255.stl"
    Type="File"
    LastWriteTime="132547665090000000"
    Private="false" />
  <Object
    Path="D:\govno\URTK_sim-main\URTKtry3\Logical\URTKFmu\URTKLib\URTK\CADdata\Ground_(axes_X)_Color_178_0_0_255.stl"
    LogicalPath="URTKFmu.URTKLib.URTK.CADdata.Ground_(axes_X)_Color_178_0_0_255.stl"
    Type="File"
    LastWriteTime="132547665090000000"
    Private="false" />
  <Object
    Path="D:\govno\URTK_sim-main\URTKtry3\Logical\URTKFmu\URTKLib\URTK\CADdata\Ground_(axes_X)_Color_191_191_191_255.stl"
    LogicalPath="URTKFmu.URTKLib.URTK.CADdata.Ground_(axes_X)_Color_191_191_191_255.stl"
    Type="File"
    LastWriteTime="132547665090000000"
    Private="false" />
  <Object
    Path="D:\govno\URTK_sim-main\URTKtry3\Logical\URTKFmu\URTKLib\URTK\CADdata\Ground_(axes_X)_Color_224_223_219_255.stl"
    LogicalPath="URTKFmu.URTKLib.URTK.CADdata.Ground_(axes_X)_Color_224_223_219_255.stl"
    Type="File"
    LastWriteTime="132547665090000000"
    Private="false" />
  <Object
    Path="D:\govno\URTK_sim-main\URTKtry3\Logical\URTKFmu\URTKLib\URTK\CADdata\Ground_(axes_X)_Color_231_214_172_255.stl"
    LogicalPath="URTKFmu.URTKLib.URTK.CADdata.Ground_(axes_X)_Color_231_214_172_255.stl"
    Type="File"
    LastWriteTime="132547665090000000"
    Private="false" />
  <Object
    Path="D:\govno\URTK_sim-main\URTKtry3\Logical\URTKFmu\URTKLib\URTK\CADdata\X_movement_block_Color_178_0_0_255.stl"
    LogicalPath="URTKFmu.URTKLib.URTK.CADdata.X_movement_block_Color_178_0_0_255.stl"
    Type="File"
    LastWriteTime="132547665090000000"
    Private="false" />
  <Object
    Path="D:\govno\URTK_sim-main\URTKtry3\Logical\URTKFmu\URTKLib\URTK\CADdata\X_movement_block_Color_191_191_191_255.stl"
    LogicalPath="URTKFmu.URTKLib.URTK.CADdata.X_movement_block_Color_191_191_191_255.stl"
    Type="File"
    LastWriteTime="132547665090000000"
    Private="false" />
  <Object
    Path="D:\govno\URTK_sim-main\URTKtry3\Logical\URTKFmu\URTKLib\URTK\CADdata\X_movement_block_Color_69_69_69_255.stl"
    LogicalPath="URTKFmu.URTKLib.URTK.CADdata.X_movement_block_Color_69_69_69_255.stl"
    Type="File"
    LastWriteTime="132547665090000000"
    Private="false" />
  <Object
    Path="D:\govno\URTK_sim-main\URTKtry3\Logical\URTKFmu\URTKLib\URTK\CADdata\Y_movement_block_Color_178_0_0_255.stl"
    LogicalPath="URTKFmu.URTKLib.URTK.CADdata.Y_movement_block_Color_178_0_0_255.stl"
    Type="File"
    LastWriteTime="132547665090000000"
    Private="false" />
  <Object
    Path="D:\govno\URTK_sim-main\URTKtry3\Logical\URTKFmu\URTKLib\URTK\CADdata\Y_movement_block_Color_191_191_191_255.stl"
    LogicalPath="URTKFmu.URTKLib.URTK.CADdata.Y_movement_block_Color_191_191_191_255.stl"
    Type="File"
    LastWriteTime="132547665090000000"
    Private="false" />
  <Object
    Path="D:\govno\URTK_sim-main\URTKtry3\Logical\URTKFmu\URTKLib\URTK\CADdata\Y_movement_block_Color_69_69_69_255.stl"
    LogicalPath="URTKFmu.URTKLib.URTK.CADdata.Y_movement_block_Color_69_69_69_255.stl"
    Type="File"
    LastWriteTime="132547665090000000"
    Private="false" />
  <Object
    Path="D:\govno\URTK_sim-main\URTKtry3\Logical\URTKFmu\URTKLib\URTK\CADdata\Z_movement_block_Color_178_0_0_255.stl"
    LogicalPath="URTKFmu.URTKLib.URTK.CADdata.Z_movement_block_Color_178_0_0_255.stl"
    Type="File"
    LastWriteTime="132547665090000000"
    Private="false" />
  <Object
    Path="D:\govno\URTK_sim-main\URTKtry3\Logical\URTKFmu\URTKLib\URTK\CADdata\Z_movement_block_Color_191_191_191_255.stl"
    LogicalPath="URTKFmu.URTKLib.URTK.CADdata.Z_movement_block_Color_191_191_191_255.stl"
    Type="File"
    LastWriteTime="132547665090000000"
    Private="false" />
  <Object
    Path="D:\govno\URTK_sim-main\URTKtry3\Logical\URTKFmu\URTKLib\URTK\CADdata\Z_movement_block_Color_69_69_69_255.stl"
    LogicalPath="URTKFmu.URTKLib.URTK.CADdata.Z_movement_block_Color_69_69_69_255.stl"
    Type="File"
    LastWriteTime="132547665090000000"
    Private="false" />
  <Object
    Path="D:\govno\URTK_sim-main\URTKtry3\Logical\URTKFmu\URTKPrg\ANSIC.prg"
    LogicalPath="URTKFmu.URTKPrg"
    Type="Program"
    LastWriteTime="133469544942345570" />
  <Object
    Path="D:\govno\URTK_sim-main\URTKtry3\Logical\URTKFmu\URTKPrg\Cyclic.c"
    LogicalPath="URTKFmu.URTKPrg.Cyclic.c"
    Type="File"
    LastWriteTime="133469657083605515"
    Private="false" />
  <Object
    Path="D:\govno\URTK_sim-main\URTKtry3\Logical\URTKFmu\URTKPrg\Init.c"
    LogicalPath="URTKFmu.URTKPrg.Init.c"
    Type="File"
    LastWriteTime="133469541885579922"
    Private="false" />
  <Object
    Path="D:\govno\URTK_sim-main\URTKtry3\Logical\URTKFmu\URTKPrg\Exit.c"
    LogicalPath="URTKFmu.URTKPrg.Exit.c"
    Type="File"
    LastWriteTime="132547665090000000"
    Private="false" />
  <Object
    Path="D:\govno\URTK_sim-main\URTKtry3\Logical\URTKFmu\URTKPrg\Types.typ"
    LogicalPath="URTKFmu.URTKPrg.Types.typ"
    Type="File"
    LastWriteTime="133469445897402585"
    Private="true" />
  <Object
    Path="D:\govno\URTK_sim-main\URTKtry3\Logical\URTKFmu\URTKPrg\Variables.var"
    LogicalPath="URTKFmu.URTKPrg.Variables.var"
    Type="File"
    LastWriteTime="132547665090000000"
    Private="true" />
  <Object
    Path="D:\govno\URTK_sim-main\URTKtry3\Physical\Config1\Config.pkg"
    LogicalPath="Config1"
    Type="Configuration.ParentUnknown"
    LastWriteTime="132547665090000000" />
  <Object
    Path="D:\govno\URTK_sim-main\URTKtry3\Physical\Config1\Hardware.hw"
    LogicalPath="Config1.Hardware.hw"
    Type="File"
    LastWriteTime="132547665090000000"
    Private="false" />
  <Object
    Path="D:\govno\URTK_sim-main\URTKtry3\Physical\Config1\Hardware.hwl"
    LogicalPath="Config1.Hardware.hwl"
    Type="File"
    LastWriteTime="133469500448538090"
    Private="false" />
  <Object
    Path="D:\govno\URTK_sim-main\URTKtry3\Physical\Config1\PC\Cpu.pkg"
    LogicalPath="Config1.PC"
    Type="Cpu"
    LastWriteTime="132547665090000000" />
  <Object
    Path="D:\govno\URTK_sim-main\URTKtry3\Physical\Config1\PC\Cpu.sw"
    LogicalPath="Config1.PC.Cpu.sw"
    Type="File"
    LastWriteTime="133469633819786030"
    Private="false" />
  <Object
    Path="D:\govno\URTK_sim-main\URTKtry3\Physical\Config1\PC\Cpu.per"
    LogicalPath="Config1.PC.Cpu.per"
    Type="File"
    LastWriteTime="132547665090000000"
    Private="false" />
  <Object
    Path="D:\govno\URTK_sim-main\URTKtry3\Physical\Config1\PC\IoMap.iom"
    LogicalPath="Config1.PC.IoMap.iom"
    Type="File"
    LastWriteTime="132547665090000000"
    Private="false" />
  <Object
    Path="D:\govno\URTK_sim-main\URTKtry3\Physical\Config1\PC\PvMap.vvm"
    LogicalPath="Config1.PC.PvMap.vvm"
    Type="File"
    LastWriteTime="132547665090000000"
    Private="false" />
  <Object
    Path="D:\govno\URTK_sim-main\URTKtry3\Physical\Config1\PC\Connectivity\Package.pkg"
    LogicalPath="Config1.PC.Connectivity"
    Type="Package"
    LastWriteTime="132547665090000000" />
  <Object
    Path="D:\govno\URTK_sim-main\URTKtry3\Physical\Config1\PC\Connectivity\OpcUA\Package.pkg"
    LogicalPath="Config1.PC.Connectivity.OpcUA"
    Type="Package"
    LastWriteTime="132547665090000000" />
  <Object
    Path="D:\govno\URTK_sim-main\URTKtry3\Physical\Config1\PC\Connectivity\OpcUA\OpcUaMap.uad"
    LogicalPath="Config1.PC.Connectivity.OpcUA.OpcUaMap.uad"
    Type="File"
    LastWriteTime="132547665090000000"
    Private="false" />
  <Object
    Path="D:\govno\URTK_sim-main\URTKtry3\Physical\Config1\PC\TextSystem\Package.pkg"
    LogicalPath="Config1.PC.TextSystem"
    Type="Package"
    LastWriteTime="132547665090000000" />
  <Object
    Path="D:\govno\URTK_sim-main\URTKtry3\Physical\Config1\PC\UnitSystem\Package.pkg"
    LogicalPath="Config1.PC.UnitSystem"
    Type="Package"
    LastWriteTime="132547665090000000" />
  <Object
    Path="D:\govno\URTK_sim-main\URTKtry3\Physical\Config1\PC\AccessAndSecurity\Package.pkg"
    LogicalPath="Config1.PC.AccessAndSecurity"
    Type="Package"
    LastWriteTime="132547665090000000" />
  <Object
    Path="D:\govno\URTK_sim-main\URTKtry3\Physical\Config1\PC\AccessAndSecurity\UserRoleSystem\Package.pkg"
    LogicalPath="Config1.PC.AccessAndSecurity.UserRoleSystem"
    Type="Package"
    LastWriteTime="132547665090000000" />
  <Object
    Path="D:\govno\URTK_sim-main\URTKtry3\Physical\Config1\PC\AccessAndSecurity\UserRoleSystem\Role.role"
    LogicalPath="Config1.PC.AccessAndSecurity.UserRoleSystem.Role.role"
    Type="File"
    LastWriteTime="132547665090000000"
    Private="false" />
  <Object
    Path="D:\govno\URTK_sim-main\URTKtry3\Physical\Config1\PC\AccessAndSecurity\UserRoleSystem\User.user"
    LogicalPath="Config1.PC.AccessAndSecurity.UserRoleSystem.User.user"
    Type="File"
    LastWriteTime="132547665090000000"
    Private="false" />
  <Object
    Path="D:\govno\URTK_sim-main\URTKtry3\Physical\Config1\PC\AccessAndSecurity\CertificateStore\Package.pkg"
    LogicalPath="Config1.PC.AccessAndSecurity.CertificateStore"
    Type="Package"
    LastWriteTime="132547665090000000" />
  <Object
    Path="D:\govno\URTK_sim-main\URTKtry3\Physical\Config1\PC\AccessAndSecurity\CertificateStore\OwnCertificates\Package.pkg"
    LogicalPath="Config1.PC.AccessAndSecurity.CertificateStore.OwnCertificates"
    Type="Package"
    LastWriteTime="132547665090000000" />
  <Object
    Path="D:\govno\URTK_sim-main\URTKtry3\Physical\Config1\PC\AccessAndSecurity\CertificateStore\OwnCertificates\Certificates\Package.pkg"
    LogicalPath="Config1.PC.AccessAndSecurity.CertificateStore.OwnCertificates.Certificates"
    Type="Package"
    LastWriteTime="132547665090000000" />
  <Object
    Path="D:\govno\URTK_sim-main\URTKtry3\Physical\Config1\PC\AccessAndSecurity\CertificateStore\OwnCertificates\PrivateKeys\Package.pkg"
    LogicalPath="Config1.PC.AccessAndSecurity.CertificateStore.OwnCertificates.PrivateKeys"
    Type="Package"
    LastWriteTime="132547665090000000" />
  <Object
    Path="D:\govno\URTK_sim-main\URTKtry3\Physical\Config1\PC\AccessAndSecurity\CertificateStore\ThirdPartyCertificates\Package.pkg"
    LogicalPath="Config1.PC.AccessAndSecurity.CertificateStore.ThirdPartyCertificates"
    Type="Package"
    LastWriteTime="132547665090000000" />
  <Object
    Path="D:\govno\URTK_sim-main\URTKtry3\Physical\Config1\PC\AccessAndSecurity\CertificateStore\ThirdPartyCertificates\SoftwareCertificates\Package.pkg"
    LogicalPath="Config1.PC.AccessAndSecurity.CertificateStore.ThirdPartyCertificates.SoftwareCertificates"
    Type="Package"
    LastWriteTime="132547665090000000" />
  <Object
    Path="D:\govno\URTK_sim-main\URTKtry3\Physical\Config1\PC\AccessAndSecurity\CertificateStore\CertificateRevocationLists\Package.pkg"
    LogicalPath="Config1.PC.AccessAndSecurity.CertificateStore.CertificateRevocationLists"
    Type="Package"
    LastWriteTime="132547665090000000" />
  <Object
    Path="D:\govno\URTK_sim-main\URTKtry3\Physical\Config1\PC\AccessAndSecurity\CertificateStore\CertificateSigningRequests\Package.pkg"
    LogicalPath="Config1.PC.AccessAndSecurity.CertificateStore.CertificateSigningRequests"
    Type="Package"
    LastWriteTime="132547665090000000" />
  <Object
    Path="D:\govno\URTK_sim-main\URTKtry3\Physical\Config1\PC\AccessAndSecurity\TransportLayerSecurity\Package.pkg"
    LogicalPath="Config1.PC.AccessAndSecurity.TransportLayerSecurity"
    Type="Package"
    LastWriteTime="132547665090000000" />
  <Object
    Path="D:\govno\URTK_sim-main\URTKtry3\Physical\Config1\PC\AccessAndSecurity\Firewall\Package.pkg"
    LogicalPath="Config1.PC.AccessAndSecurity.Firewall"
    Type="Package"
    LastWriteTime="132547665090000000" />
  <Object
    Path="D:\govno\URTK_sim-main\URTKtry3\Physical\Config1\PC\AccessAndSecurity\Firewall\Rules.firewallRules"
    LogicalPath="Config1.PC.AccessAndSecurity.Firewall.Rules.firewallRules"
    Type="File"
    LastWriteTime="132547665090000000"
    Private="false" />
  <Object
    Path="D:\govno\URTK_sim-main\URTKtry3\Physical\Config1\PC\mappControl\Package.pkg"
    LogicalPath="Config1.PC.mappControl"
    Type="Package"
    LastWriteTime="132547665090000000" />
  <Object
    Path="D:\govno\URTK_sim-main\URTKtry3\Physical\Config1\PC\mappMotion\Package.pkg"
    LogicalPath="Config1.PC.mappMotion"
    Type="Package"
    LastWriteTime="132547665090000000" />
  <Object
    Path="D:\govno\URTK_sim-main\URTKtry3\Physical\Config1\PC\mappServices\Package.pkg"
    LogicalPath="Config1.PC.mappServices"
    Type="Package"
    LastWriteTime="132547665090000000" />
  <Object
    Path="D:\govno\URTK_sim-main\URTKtry3\Physical\Config1\PC\mappSafety\Package.pkg"
    LogicalPath="Config1.PC.mappSafety"
    Type="Package"
    LastWriteTime="132547665090000000" />
  <Object
    Path="D:\govno\URTK_sim-main\URTKtry3\Physical\Config1\PC\mappSafety\SafeApplication\Package.pkg"
    LogicalPath="Config1.PC.mappSafety.SafeApplication"
    Type="Package"
    LastWriteTime="132547665090000000" />
  <Object
    Path="D:\govno\URTK_sim-main\URTKtry3\Physical\Config1\PC\mappSafety\SafeCommissioning\Package.pkg"
    LogicalPath="Config1.PC.mappSafety.SafeCommissioning"
    Type="Package"
    LastWriteTime="132547665090000000" />
  <Object
    Path="D:\govno\URTK_sim-main\URTKtry3\Physical\Config1\PC\mappView\Package.pkg"
    LogicalPath="Config1.PC.mappView"
    Type="Package"
    LastWriteTime="132547665090000000" />
  <Object
    Path="D:\govno\URTK_sim-main\URTKtry3\Physical\Config1\PC\mappVision\Package.pkg"
    LogicalPath="Config1.PC.mappVision"
    Type="Package"
    LastWriteTime="132547665090000000" />
  <Object
    Path="D:\govno\URTK_sim-main\URTKtry3\Physical\Config1\PC\mappCockpit\Package.pkg"
    LogicalPath="Config1.PC.mappCockpit"
    Type="Package"
    LastWriteTime="132547665090000000" />
  <Object
    Path="D:\govno\URTK_sim-main\URTKtry3\Physical\Config1\Hardware.jpg"
    LogicalPath="Config1.Hardware.jpg"
    Type="File"
    LastWriteTime="133469500448907101"
    Private="false" />
</Objects>